time -ao ../images/cameraman_10_sb.png.log ./run_sb.sh ../images/cameraman_10.png ../images/cameraman_10_sb.png 10 1
mu: 0.1
./tv ../images/cameraman_10.png ../images/cameraman_10_sb.png 0.1 1 10 1 2
0: 
delta: 2.07585e+06
1: 
delta: 3.05268e+06
2: 
delta: 3.60446e+06
3: 
delta: 3.93727e+06
4: 
delta: 4.16811e+06
5: 
delta: 4.33637e+06
6: 
delta: 4.46242e+06
7: 
delta: 4.55818e+06
8: 
delta: 4.63077e+06
9: 
delta: 4.68477e+06
converged in 9 iterations.
0.20user 0.00system 0:00.22elapsed 94%CPU (0avgtext+0avgdata 79936maxresident)k
0inputs+168outputs (0major+5958minor)pagefaults 0swaps
