time -ao ../images/cameraman_10_pd.png.log ./run_pd.sh ../images/cameraman_10.png ../images/cameraman_10_pd.png 50 1
lambda: .0415
tau: 0.2
0: 
running dual..
running primal..
delta: 2.12378e+07
1: 
running dual..
running primal..
delta: 6.30364e+07
2: 
running dual..
running primal..
delta: 8.14595e+07
3: 
running dual..
running primal..
delta: 6.48288e+07
4: 
running dual..
running primal..
delta: 4.19828e+07
5: 
running dual..
running primal..
delta: 2.9535e+07
6: 
running dual..
running primal..
delta: 2.30636e+07
7: 
running dual..
running primal..
delta: 1.96453e+07
8: 
running dual..
running primal..
delta: 1.66157e+07
9: 
running dual..
running primal..
delta: 1.46989e+07
10: 
running dual..
running primal..
delta: 1.27286e+07
11: 
running dual..
running primal..
delta: 1.14462e+07
12: 
running dual..
running primal..
delta: 1.01605e+07
13: 
running dual..
running primal..
delta: 9.25712e+06
14: 
running dual..
running primal..
delta: 8.37011e+06
15: 
running dual..
running primal..
delta: 7.71542e+06
16: 
running dual..
running primal..
delta: 7.07908e+06
17: 
running dual..
running primal..
delta: 6.57895e+06
18: 
running dual..
running primal..
delta: 6.08943e+06
19: 
running dual..
running primal..
delta: 5.6939e+06
20: 
running dual..
running primal..
delta: 5.31221e+06
21: 
running dual..
running primal..
delta: 4.98656e+06
22: 
running dual..
running primal..
delta: 4.67137e+06
23: 
running dual..
running primal..
delta: 4.40626e+06
24: 
running dual..
running primal..
delta: 4.1562e+06
25: 
running dual..
running primal..
delta: 3.93536e+06
26: 
running dual..
running primal..
delta: 3.7222e+06
27: 
running dual..
running primal..
delta: 3.53561e+06
28: 
running dual..
running primal..
delta: 3.36045e+06
29: 
running dual..
running primal..
delta: 3.20267e+06
30: 
running dual..
running primal..
delta: 3.05189e+06
31: 
running dual..
running primal..
delta: 2.91739e+06
32: 
running dual..
running primal..
delta: 2.7894e+06
33: 
running dual..
running primal..
delta: 2.67248e+06
34: 
running dual..
running primal..
delta: 2.56219e+06
35: 
running dual..
running primal..
delta: 2.46231e+06
36: 
running dual..
running primal..
delta: 2.36729e+06
37: 
running dual..
running primal..
delta: 2.27918e+06
38: 
running dual..
running primal..
delta: 2.1957e+06
39: 
running dual..
running primal..
delta: 2.11884e+06
40: 
running dual..
running primal..
delta: 2.04502e+06
41: 
running dual..
running primal..
delta: 1.97632e+06
42: 
running dual..
running primal..
delta: 1.90982e+06
43: 
running dual..
running primal..
delta: 1.8474e+06
44: 
running dual..
running primal..
delta: 1.78799e+06
45: 
running dual..
running primal..
delta: 1.73245e+06
46: 
running dual..
running primal..
delta: 1.67909e+06
47: 
running dual..
running primal..
delta: 1.62929e+06
48: 
running dual..
running primal..
delta: 1.58138e+06
49: 
running dual..
running primal..
delta: 1.53537e+06
0.66user 0.00system 0:00.69elapsed 97%CPU (0avgtext+0avgdata 53536maxresident)k
0inputs+272outputs (0major+4251minor)pagefaults 0swaps
